2026-05-24 09:50:00,808 | INFO | ========== STARTING BDD TEST EXECUTION ==========
2026-05-24 09:50:00,812 | INFO | Initializing Chrome Driver
2026-05-24 09:50:10,500 | INFO | Chrome Driver Initialized Successfully
2026-05-24 09:50:10,500 | INFO | Starting Scenario: Successful Appointment Booking
2026-05-24 09:50:10,502 | INFO | ========== STARTING BDD SCENARIO ==========
2026-05-24 09:50:10,502 | INFO | BDD Scenario Started
2026-05-24 09:50:10,504 | INFO | Apollo247 website launched successfully
2026-05-24 09:50:10,505 | INFO | Verifying homepage loaded
2026-05-24 09:50:10,505 | INFO | Verifying homepage loaded
2026-05-24 09:50:10,505 | INFO | Checking for popup
2026-05-24 09:50:15,646 | INFO | Popup not displayed
2026-05-24 09:50:15,658 | INFO | Hidden popup removed using JavaScript
2026-05-24 09:50:15,696 | INFO | Homepage loaded status: True
2026-05-24 09:50:15,696 | INFO | Homepage loaded successfully
2026-05-24 09:50:15,697 | INFO | Clicking Login Button
2026-05-24 09:50:15,778 | INFO | Entering Mobile Number: 8795249909
2026-05-24 09:50:16,426 | INFO | Clicking Continue Button
2026-05-24 09:50:16,517 | INFO | Waiting For Manual OTP Entry
2026-05-24 09:50:26,553 | INFO | OTP Verification Successful
2026-05-24 09:50:26,554 | INFO | Clicking Find Doctor Menu
2026-05-24 09:50:33,942 | INFO | Scrolling to QuickBook Section
2026-05-24 09:50:35,971 | INFO | Entering Speciality: Cardiology
2026-05-24 09:50:43,379 | INFO | Selected Speciality: cardiology
2026-05-24 09:50:43,381 | INFO | Selecting Date: 25
2026-05-24 09:50:45,488 | INFO | Entering Location: Chennai
2026-05-24 09:50:52,884 | INFO | Selected Location: chennai
2026-05-24 09:50:52,886 | INFO | Clicking Submit Button
2026-05-24 09:51:00,432 | INFO | Current URL: https://www.apollo247.com/doctors/quick-book-listing?consultmode=physical&location=chennai&id=f325ede7-8710-49a6-b0ea-32ddc06f2b4c&date=2026-05-25&name=cardiology
2026-05-24 09:51:00,433 | INFO | Search Result Page Opened Successfully
2026-05-24 09:51:00,434 | INFO | Selecting Consultation Mode: Hospital Visit
2026-05-24 09:51:02,489 | INFO | Selecting First Available Doctor
2026-05-24 09:51:02,566 | INFO | Selecting Schedule Date: 19
2026-05-24 09:51:02,579 | INFO | Selecting Time Slot: 08:00 AM
2026-05-24 09:51:04,765 | INFO | Clicking Continue Appointment
2026-05-24 09:51:09,840 | INFO | Validating Appointment Confirmation Page
2026-05-24 09:51:09,865 | INFO | FULL E2E FLOW COMPLETED SUCCESSFULLY
2026-05-24 09:51:09,866 | INFO | ========== BDD SCENARIO COMPLETED ==========
2026-05-24 09:51:09,947 | INFO | Scenario Passed: Successful Appointment Booking
2026-05-24 09:51:09,948 | INFO | Closing Browser
2026-05-24 09:51:12,268 | INFO | Browser Closed Successfully
2026-05-24 09:51:12,275 | INFO | Initializing Chrome Driver
2026-05-24 09:51:21,749 | INFO | Chrome Driver Initialized Successfully
2026-05-24 09:51:21,749 | INFO | Starting Scenario: Validate Find Doctor Flow -- @1.1 
2026-05-24 09:51:21,751 | INFO | ========== STARTING BDD SCENARIO ==========
2026-05-24 09:51:21,751 | INFO | BDD Scenario Started
2026-05-24 09:51:21,752 | INFO | Apollo247 website launched successfully
2026-05-24 09:51:21,753 | INFO | Navigating To Find Doctor Section
2026-05-24 09:51:29,973 | INFO | Navigation Successful
2026-05-24 09:51:29,975 | INFO | Searching Speciality: Cardiology
2026-05-24 09:51:37,524 | INFO | Actual Speciality: cardiology
2026-05-24 09:51:37,525 | INFO | Selecting Search Date: 25
2026-05-24 09:51:39,624 | INFO | Selecting Location: Chennai
2026-05-24 09:51:46,964 | INFO | Actual Location: chennai
2026-05-24 09:51:46,965 | INFO | Clicking Search Button
2026-05-24 09:51:54,521 | INFO | Current URL: https://www.apollo247.com/doctors/quick-book-listing?consultmode=physical&location=chennai&id=f325ede7-8710-49a6-b0ea-32ddc06f2b4c&date=2026-05-25&name=cardiology
2026-05-24 09:51:54,522 | INFO | Executing POSITIVE Validation
2026-05-24 09:51:54,522 | INFO | POSITIVE TEST PASSED
2026-05-24 09:51:54,523 | INFO | ========== BDD SCENARIO COMPLETED ==========
2026-05-24 09:51:54,619 | INFO | Scenario Passed: Validate Find Doctor Flow -- @1.1 
2026-05-24 09:51:54,619 | INFO | Closing Browser
2026-05-24 09:51:56,919 | INFO | Browser Closed Successfully
2026-05-24 09:51:56,921 | INFO | Initializing Chrome Driver
2026-05-24 09:52:07,220 | INFO | Chrome Driver Initialized Successfully
2026-05-24 09:52:07,221 | INFO | Starting Scenario: Validate Find Doctor Flow -- @1.2 
2026-05-24 09:52:07,222 | INFO | ========== STARTING BDD SCENARIO ==========
2026-05-24 09:52:07,222 | INFO | BDD Scenario Started
2026-05-24 09:52:07,223 | INFO | Apollo247 website launched successfully
2026-05-24 09:52:07,223 | INFO | Navigating To Find Doctor Section
2026-05-24 09:52:15,629 | INFO | Navigation Successful
2026-05-24 09:52:15,631 | INFO | Searching Speciality: Neurology
2026-05-24 09:52:23,078 | INFO | Actual Speciality: neurology
2026-05-24 09:52:23,080 | INFO | Selecting Search Date: 30
2026-05-24 09:52:25,177 | INFO | Selecting Location: Bangalore
2026-05-24 09:52:32,522 | INFO | Actual Location: bangalore
2026-05-24 09:52:32,523 | INFO | Clicking Search Button
2026-05-24 09:52:40,361 | INFO | Current URL: https://www.apollo247.com/doctors/quick-book-listing?consultmode=physical&location=bangalore&id=6cfd24bb-4a6c-4eb7-b6ec-6f69ec2baa64&date=2026-05-30&name=neurology
2026-05-24 09:52:40,362 | INFO | Executing POSITIVE Validation
2026-05-24 09:52:40,362 | INFO | POSITIVE TEST PASSED
2026-05-24 09:52:40,363 | INFO | ========== BDD SCENARIO COMPLETED ==========
2026-05-24 09:52:40,473 | INFO | Scenario Passed: Validate Find Doctor Flow -- @1.2 
2026-05-24 09:52:40,474 | INFO | Closing Browser
2026-05-24 09:52:42,763 | INFO | Browser Closed Successfully
2026-05-24 09:52:42,768 | INFO | Initializing Chrome Driver
2026-05-24 09:52:52,472 | INFO | Chrome Driver Initialized Successfully
2026-05-24 09:52:52,473 | INFO | Starting Scenario: Validate Find Doctor Flow -- @1.3 
2026-05-24 09:52:52,474 | INFO | ========== STARTING BDD SCENARIO ==========
2026-05-24 09:52:52,474 | INFO | BDD Scenario Started
2026-05-24 09:52:52,475 | INFO | Apollo247 website launched successfully
2026-05-24 09:52:52,476 | INFO | Navigating To Find Doctor Section
2026-05-24 09:53:00,240 | INFO | Navigation Successful
2026-05-24 09:53:00,241 | INFO | Searching Speciality: FakeSpec
2026-05-24 09:53:05,655 | INFO | Actual Speciality: None
2026-05-24 09:53:05,657 | INFO | Selecting Search Date: 99
2026-05-24 09:53:37,997 | INFO | Selecting Location: Nowhere
2026-05-24 09:54:12,093 | INFO | Actual Location: None
2026-05-24 09:54:12,095 | INFO | Clicking Search Button
2026-05-24 09:54:18,175 | INFO | Current URL: https://www.apollo247.com/specialties
2026-05-24 09:54:18,176 | INFO | Executing NEGATIVE Validation
2026-05-24 09:54:18,176 | INFO | NEGATIVE TEST PASSED
2026-05-24 09:54:18,177 | INFO | ========== BDD SCENARIO COMPLETED ==========
2026-05-24 09:54:18,349 | INFO | Scenario Passed: Validate Find Doctor Flow -- @1.3 
2026-05-24 09:54:18,349 | INFO | Closing Browser
2026-05-24 09:54:20,634 | INFO | Browser Closed Successfully
2026-05-24 09:54:20,636 | INFO | ========== BDD TEST EXECUTION COMPLETED ==========
2026-05-24 09:54:20,637 | INFO | Generating Allure Report
2026-05-24 09:54:23,070 | INFO | Allure Report Generated Successfully
2026-05-24 09:54:23,071 | INFO | Report Path: reports/allure-report/index.html
